-------------------------------------------------------------------------------
Test set: com.springteam.springsprintpj.repository.HeroRepositoryTest
-------------------------------------------------------------------------------
Tests run: 2, Failures: 0, Errors: 2, Skipped: 0, Time elapsed: 4.392 s <<< FAILURE! - in com.springteam.springsprintpj.repository.HeroRepositoryTest
testInsertOneThenRetreive  Time elapsed: 4.1 s  <<< ERROR!
org.springframework.beans.factory.BeanCreationException: Error creating bean with name 'entityManagerFactory' defined in com.springteam.springsprintpj.configuration.db.jpa.PersistenceConfiguration: Invocation of init method failed; nested exception is javax.persistence.PersistenceException: [PersistenceUnit: default] Unable to build Hibernate SessionFactory; nested exception is org.hibernate.exception.GenericJDBCException: Unable to open JDBC Connection for DDL execution
	at com.springteam.springsprintpj.repository.HeroRepositoryTest.setUp(HeroRepositoryTest.java:52)
Caused by: javax.persistence.PersistenceException: [PersistenceUnit: default] Unable to build Hibernate SessionFactory; nested exception is org.hibernate.exception.GenericJDBCException: Unable to open JDBC Connection for DDL execution
	at com.springteam.springsprintpj.repository.HeroRepositoryTest.setUp(HeroRepositoryTest.java:52)
Caused by: org.hibernate.exception.GenericJDBCException: Unable to open JDBC Connection for DDL execution
	at com.springteam.springsprintpj.repository.HeroRepositoryTest.setUp(HeroRepositoryTest.java:52)
Caused by: java.sql.SQLException: 
ORA-28009: connection as SYS should be as SYSDBA or SYSOPER

	at com.springteam.springsprintpj.repository.HeroRepositoryTest.setUp(HeroRepositoryTest.java:52)

testInsertMoreThenRetreive  Time elapsed: 0.288 s  <<< ERROR!
org.springframework.beans.factory.BeanCreationException: Error creating bean with name 'entityManagerFactory' defined in com.springteam.springsprintpj.configuration.db.jpa.PersistenceConfiguration: Invocation of init method failed; nested exception is javax.persistence.PersistenceException: [PersistenceUnit: default] Unable to build Hibernate SessionFactory; nested exception is org.hibernate.exception.GenericJDBCException: Unable to open JDBC Connection for DDL execution
	at com.springteam.springsprintpj.repository.HeroRepositoryTest.setUp(HeroRepositoryTest.java:52)
Caused by: javax.persistence.PersistenceException: [PersistenceUnit: default] Unable to build Hibernate SessionFactory; nested exception is org.hibernate.exception.GenericJDBCException: Unable to open JDBC Connection for DDL execution
	at com.springteam.springsprintpj.repository.HeroRepositoryTest.setUp(HeroRepositoryTest.java:52)
Caused by: org.hibernate.exception.GenericJDBCException: Unable to open JDBC Connection for DDL execution
	at com.springteam.springsprintpj.repository.HeroRepositoryTest.setUp(HeroRepositoryTest.java:52)
Caused by: java.sql.SQLException: 
ORA-28009: connection as SYS should be as SYSDBA or SYSOPER

	at com.springteam.springsprintpj.repository.HeroRepositoryTest.setUp(HeroRepositoryTest.java:52)

